# JRE version: Java(TM) SE Runtime Environment (8.0_251-b08) (build 1.8.0_251-b08)
# Java VM: Java HotSpot(TM) 64-Bit Server VM (25.251-b08 mixed mode windows-amd64 compressed oops)
Heap:
 PSYoungGen      total 194048K, used 69169K [0x00000000e0a00000, 0x00000000edb80000, 0x0000000100000000)
  eden space 185344K, 37% used [0x00000000e0a00000,0x00000000e4d8c768,0x00000000ebf00000)
  from space 8704K, 0% used [0x00000000ed300000,0x00000000ed300000,0x00000000edb80000)
  to   space 10752K, 0% used [0x00000000ec680000,0x00000000ec680000,0x00000000ed100000)
 ParOldGen       total 67072K, used 20885K [0x00000000a1e00000, 0x00000000a5f80000, 0x00000000e0a00000)
  object space 67072K, 31% used [0x00000000a1e00000,0x00000000a3265708,0x00000000a5f80000)
 Metaspace       used 38722K, capacity 40770K, committed 41088K, reserved 1085440K
  class space    used 5344K, capacity 5739K, committed 5760K, reserved 1048576K
GC Heap History (10 events):
Event: 33.901 GC heap before
{Heap before GC invocations=8 (full 1):
 PSYoungGen      total 108032K, used 7200K [0x00000000e0a00000, 0x00000000edd00000, 0x0000000100000000)
  eden space 97792K, 0% used [0x00000000e0a00000,0x00000000e0a00000,0x00000000e6980000)
  from space 10240K, 70% used [0x00000000e6980000,0x00000000e7088350,0x00000000e7380000)
  to   space 10240K, 0% used [0x00000000ed300000,0x00000000ed300000,0x00000000edd00000)
 ParOldGen       total 65536K, used 10578K [0x00000000a1e00000, 0x00000000a5e00000, 0x00000000e0a00000)
  object space 65536K, 16% used [0x00000000a1e00000,0x00000000a2854890,0x00000000a5e00000)
 Metaspace       used 20336K, capacity 21272K, committed 21296K, reserved 1067008K
  class space    used 2672K, capacity 2924K, committed 2944K, reserved 1048576K
Event: 33.980 GC heap after
Heap after GC invocations=8 (full 1):
 PSYoungGen      total 108032K, used 0K [0x00000000e0a00000, 0x00000000edd00000, 0x0000000100000000)
  eden space 97792K, 0% used [0x00000000e0a00000,0x00000000e0a00000,0x00000000e6980000)
  from space 10240K, 0% used [0x00000000e6980000,0x00000000e6980000,0x00000000e7380000)
  to   space 10240K, 0% used [0x00000000ed300000,0x00000000ed300000,0x00000000edd00000)
 ParOldGen       total 41472K, used 9310K [0x00000000a1e00000, 0x00000000a4680000, 0x00000000e0a00000)
  object space 41472K, 22% used [0x00000000a1e00000,0x00000000a27179e8,0x00000000a4680000)
 Metaspace       used 20336K, capacity 21272K, committed 21296K, reserved 1067008K
  class space    used 2672K, capacity 2924K, committed 2944K, reserved 1048576K
}
Event: 37.153 GC heap before
{Heap before GC invocations=9 (full 1):
 PSYoungGen      total 108032K, used 97792K [0x00000000e0a00000, 0x00000000edd00000, 0x0000000100000000)
  eden space 97792K, 100% used [0x00000000e0a00000,0x00000000e6980000,0x00000000e6980000)
  from space 10240K, 0% used [0x00000000e6980000,0x00000000e6980000,0x00000000e7380000)
  to   space 10240K, 0% used [0x00000000ed300000,0x00000000ed300000,0x00000000edd00000)
 ParOldGen       total 41472K, used 9310K [0x00000000a1e00000, 0x00000000a4680000, 0x00000000e0a00000)
  object space 41472K, 22% used [0x00000000a1e00000,0x00000000a27179e8,0x00000000a4680000)
 Metaspace       used 26470K, capacity 28128K, committed 28288K, reserved 1073152K
  class space    used 3641K, capacity 3946K, committed 3968K, reserved 1048576K
Event: 37.170 GC heap after
Heap after GC invocations=9 (full 1):
 PSYoungGen      total 194048K, used 8331K [0x00000000e0a00000, 0x00000000edb80000, 0x0000000100000000)
  eden space 185344K, 0% used [0x00000000e0a00000,0x00000000e0a00000,0x00000000ebf00000)
  from space 8704K, 95% used [0x00000000ed300000,0x00000000edb22e70,0x00000000edb80000)
  to   space 10752K, 0% used [0x00000000ec680000,0x00000000ec680000,0x00000000ed100000)
 ParOldGen       total 41472K, used 9318K [0x00000000a1e00000, 0x00000000a4680000, 0x00000000e0a00000)
  object space 41472K, 22% used [0x00000000a1e00000,0x00000000a27199e8,0x00000000a4680000)
 Metaspace       used 26470K, capacity 28128K, committed 28288K, reserved 1073152K
  class space    used 3641K, capacity 3946K, committed 3968K, reserved 1048576K
}
Event: 39.744 GC heap before
{Heap before GC invocations=10 (full 1):
 PSYoungGen      total 194048K, used 193675K [0x00000000e0a00000, 0x00000000edb80000, 0x0000000100000000)
  eden space 185344K, 100% used [0x00000000e0a00000,0x00000000ebf00000,0x00000000ebf00000)
  from space 8704K, 95% used [0x00000000ed300000,0x00000000edb22e70,0x00000000edb80000)
  to   space 10752K, 0% used [0x00000000ec680000,0x00000000ec680000,0x00000000ed100000)
 ParOldGen       total 41472K, used 9318K [0x00000000a1e00000, 0x00000000a4680000, 0x00000000e0a00000)
  object space 41472K, 22% used [0x00000000a1e00000,0x00000000a27199e8,0x00000000a4680000)
 Metaspace       used 29989K, capacity 31766K, committed 31872K, reserved 1077248K
  class space    used 4042K, capacity 4395K, committed 4480K, reserved 1048576K
Event: 39.766 GC heap after
Heap after GC invocations=10 (full 1):
 PSYoungGen      total 196096K, used 10751K [0x00000000e0a00000, 0x00000000edb80000, 0x0000000100000000)
  eden space 185344K, 0% used [0x00000000e0a00000,0x00000000e0a00000,0x00000000ebf00000)
  from space 10752K, 99% used [0x00000000ec680000,0x00000000ed0fff00,0x00000000ed100000)
  to   space 8704K, 0% used [0x00000000ed300000,0x00000000ed300000,0x00000000edb80000)
 ParOldGen       total 41472K, used 11977K [0x00000000a1e00000, 0x00000000a4680000, 0x00000000e0a00000)
  object space 41472K, 28% used [0x00000000a1e00000,0x00000000a29b24d0,0x00000000a4680000)
 Metaspace       used 29989K, capacity 31766K, committed 31872K, reserved 1077248K
  class space    used 4042K, capacity 4395K, committed 4480K, reserved 1048576K
}
Event: 41.059 GC heap before
{Heap before GC invocations=11 (full 1):
 PSYoungGen      total 196096K, used 53435K [0x00000000e0a00000, 0x00000000edb80000, 0x0000000100000000)
  eden space 185344K, 23% used [0x00000000e0a00000,0x00000000e33aee80,0x00000000ebf00000)
  from space 10752K, 99% used [0x00000000ec680000,0x00000000ed0fff00,0x00000000ed100000)
  to   space 8704K, 0% used [0x00000000ed300000,0x00000000ed300000,0x00000000edb80000)
 ParOldGen       total 41472K, used 11977K [0x00000000a1e00000, 0x00000000a4680000, 0x00000000e0a00000)
  object space 41472K, 28% used [0x00000000a1e00000,0x00000000a29b24d0,0x00000000a4680000)
 Metaspace       used 33381K, capacity 35318K, committed 35456K, reserved 1079296K
  class space    used 4508K, capacity 4893K, committed 4992K, reserved 1048576K
Event: 41.110 GC heap after
Heap after GC invocations=11 (full 1):
 PSYoungGen      total 194048K, used 8693K [0x00000000e0a00000, 0x00000000edb80000, 0x0000000100000000)
  eden space 185344K, 0% used [0x00000000e0a00000,0x00000000e0a00000,0x00000000ebf00000)
  from space 8704K, 99% used [0x00000000ed300000,0x00000000edb7d5d8,0x00000000edb80000)
  to   space 10752K, 0% used [0x00000000ec680000,0x00000000ec680000,0x00000000ed100000)
 ParOldGen       total 41472K, used 17711K [0x00000000a1e00000, 0x00000000a4680000, 0x00000000e0a00000)
  object space 41472K, 42% used [0x00000000a1e00000,0x00000000a2f4bc40,0x00000000a4680000)
 Metaspace       used 33381K, capacity 35318K, committed 35456K, reserved 1079296K
  class space    used 4508K, capacity 4893K, committed 4992K, reserved 1048576K
}
Event: 41.110 GC heap before
{Heap before GC invocations=12 (full 2):
 PSYoungGen      total 194048K, used 8693K [0x00000000e0a00000, 0x00000000edb80000, 0x0000000100000000)
  eden space 185344K, 0% used [0x00000000e0a00000,0x00000000e0a00000,0x00000000ebf00000)
  from space 8704K, 99% used [0x00000000ed300000,0x00000000edb7d5d8,0x00000000edb80000)
  to   space 10752K, 0% used [0x00000000ec680000,0x00000000ec680000,0x00000000ed100000)
 ParOldGen       total 41472K, used 17711K [0x00000000a1e00000, 0x00000000a4680000, 0x00000000e0a00000)
  object space 41472K, 42% used [0x00000000a1e00000,0x00000000a2f4bc40,0x00000000a4680000)
 Metaspace       used 33381K, capacity 35318K, committed 35456K, reserved 1079296K
  class space    used 4508K, capacity 4893K, committed 4992K, reserved 1048576K
Event: 41.378 GC heap after
Heap after GC invocations=12 (full 2):
 PSYoungGen      total 194048K, used 0K [0x00000000e0a00000, 0x00000000edb80000, 0x0000000100000000)
  eden space 185344K, 0% used [0x00000000e0a00000,0x00000000e0a00000,0x00000000ebf00000)
  from space 8704K, 0% used [0x00000000ed300000,0x00000000ed300000,0x00000000edb80000)
  to   space 10752K, 0% used [0x00000000ec680000,0x00000000ec680000,0x00000000ed100000)
 ParOldGen       total 67072K, used 20885K [0x00000000a1e00000, 0x00000000a5f80000, 0x00000000e0a00000)
  object space 67072K, 31% used [0x00000000a1e00000,0x00000000a3265708,0x00000000a5f80000)
 Metaspace       used 33378K, capacity 35312K, committed 35456K, reserved 1079296K
  class space    used 4508K, capacity 4892K, committed 4992K, reserved 1048576K
}

