# JRE version: Java(TM) SE Runtime Environment (8.0_251-b08) (build 1.8.0_251-b08)
# Java VM: Java HotSpot(TM) 64-Bit Server VM (25.251-b08 mixed mode windows-amd64 compressed oops)
Heap:
 PSYoungGen      total 200704K, used 157817K [0x00000000e0a00000, 0x00000000f2880000, 0x0000000100000000)
  eden space 192512K, 77% used [0x00000000e0a00000,0x00000000e9c22f18,0x00000000ec600000)
  from space 8192K, 99% used [0x00000000ec600000,0x00000000ecdfb8b8,0x00000000ece00000)
  to   space 10752K, 0% used [0x00000000f1e00000,0x00000000f1e00000,0x00000000f2880000)
 ParOldGen       total 38912K, used 12478K [0x00000000a1e00000, 0x00000000a4400000, 0x00000000e0a00000)
  object space 38912K, 32% used [0x00000000a1e00000,0x00000000a2a2fba0,0x00000000a4400000)
 Metaspace       used 33395K, capacity 35326K, committed 35416K, reserved 1079296K
  class space    used 4454K, capacity 4825K, committed 4864K, reserved 1048576K
GC Heap History (10 events):
Event: 4.267 GC heap before
{Heap before GC invocations=6 (full 0):
 PSYoungGen      total 53248K, used 53228K [0x00000000e0a00000, 0x00000000e7800000, 0x0000000100000000)
  eden space 49152K, 100% used [0x00000000e0a00000,0x00000000e3a00000,0x00000000e3a00000)
  from space 4096K, 99% used [0x00000000e3a00000,0x00000000e3dfb128,0x00000000e3e00000)
  to   space 7168K, 0% used [0x00000000e7100000,0x00000000e7100000,0x00000000e7800000)
 ParOldGen       total 65536K, used 3917K [0x00000000a1e00000, 0x00000000a5e00000, 0x00000000e0a00000)
  object space 65536K, 5% used [0x00000000a1e00000,0x00000000a21d37b8,0x00000000a5e00000)
 Metaspace       used 17837K, capacity 18408K, committed 18560K, reserved 1064960K
  class space    used 2209K, capacity 2351K, committed 2432K, reserved 1048576K
Event: 4.282 GC heap after
Heap after GC invocations=6 (full 0):
 PSYoungGen      total 104448K, used 6779K [0x00000000e0a00000, 0x00000000e7a00000, 0x0000000100000000)
  eden space 97280K, 0% used [0x00000000e0a00000,0x00000000e0a00000,0x00000000e6900000)
  from space 7168K, 94% used [0x00000000e7100000,0x00000000e779ed60,0x00000000e7800000)
  to   space 8192K, 0% used [0x00000000e6900000,0x00000000e6900000,0x00000000e7100000)
 ParOldGen       total 65536K, used 3925K [0x00000000a1e00000, 0x00000000a5e00000, 0x00000000e0a00000)
  object space 65536K, 5% used [0x00000000a1e00000,0x00000000a21d57b8,0x00000000a5e00000)
 Metaspace       used 17837K, capacity 18408K, committed 18560K, reserved 1064960K
  class space    used 2209K, capacity 2351K, committed 2432K, reserved 1048576K
}
Event: 5.381 GC heap before
{Heap before GC invocations=7 (full 0):
 PSYoungGen      total 104448K, used 101442K [0x00000000e0a00000, 0x00000000e7a00000, 0x0000000100000000)
  eden space 97280K, 97% used [0x00000000e0a00000,0x00000000e6671e18,0x00000000e6900000)
  from space 7168K, 94% used [0x00000000e7100000,0x00000000e779ed60,0x00000000e7800000)
  to   space 8192K, 0% used [0x00000000e6900000,0x00000000e6900000,0x00000000e7100000)
 ParOldGen       total 65536K, used 3925K [0x00000000a1e00000, 0x00000000a5e00000, 0x00000000e0a00000)
  object space 65536K, 5% used [0x00000000a1e00000,0x00000000a21d57b8,0x00000000a5e00000)
 Metaspace       used 20483K, capacity 21186K, committed 21248K, reserved 1067008K
  class space    used 2566K, capacity 2767K, committed 2816K, reserved 1048576K
Event: 5.392 GC heap after
Heap after GC invocations=7 (full 0):
 PSYoungGen      total 105472K, used 5457K [0x00000000e0a00000, 0x00000000ed800000, 0x0000000100000000)
  eden space 97280K, 0% used [0x00000000e0a00000,0x00000000e0a00000,0x00000000e6900000)
  from space 8192K, 66% used [0x00000000e6900000,0x00000000e6e546a8,0x00000000e7100000)
  to   space 8192K, 0% used [0x00000000ed000000,0x00000000ed000000,0x00000000ed800000)
 ParOldGen       total 65536K, used 6682K [0x00000000a1e00000, 0x00000000a5e00000, 0x00000000e0a00000)
  object space 65536K, 10% used [0x00000000a1e00000,0x00000000a2486a50,0x00000000a5e00000)
 Metaspace       used 20483K, capacity 21186K, committed 21248K, reserved 1067008K
  class space    used 2566K, capacity 2767K, committed 2816K, reserved 1048576K
}
Event: 5.392 GC heap before
{Heap before GC invocations=8 (full 1):
 PSYoungGen      total 105472K, used 5457K [0x00000000e0a00000, 0x00000000ed800000, 0x0000000100000000)
  eden space 97280K, 0% used [0x00000000e0a00000,0x00000000e0a00000,0x00000000e6900000)
  from space 8192K, 66% used [0x00000000e6900000,0x00000000e6e546a8,0x00000000e7100000)
  to   space 8192K, 0% used [0x00000000ed000000,0x00000000ed000000,0x00000000ed800000)
 ParOldGen       total 65536K, used 6682K [0x00000000a1e00000, 0x00000000a5e00000, 0x00000000e0a00000)
  object space 65536K, 10% used [0x00000000a1e00000,0x00000000a2486a50,0x00000000a5e00000)
 Metaspace       used 20483K, capacity 21186K, committed 21248K, reserved 1067008K
  class space    used 2566K, capacity 2767K, committed 2816K, reserved 1048576K
Event: 5.434 GC heap after
Heap after GC invocations=8 (full 1):
 PSYoungGen      total 105472K, used 0K [0x00000000e0a00000, 0x00000000ed800000, 0x0000000100000000)
  eden space 97280K, 0% used [0x00000000e0a00000,0x00000000e0a00000,0x00000000e6900000)
  from space 8192K, 0% used [0x00000000e6900000,0x00000000e6900000,0x00000000e7100000)
  to   space 8192K, 0% used [0x00000000ed000000,0x00000000ed000000,0x00000000ed800000)
 ParOldGen       total 38912K, used 7996K [0x00000000a1e00000, 0x00000000a4400000, 0x00000000e0a00000)
  object space 38912K, 20% used [0x00000000a1e00000,0x00000000a25cf3a8,0x00000000a4400000)
 Metaspace       used 20481K, capacity 21180K, committed 21248K, reserved 1067008K
  class space    used 2566K, capacity 2766K, committed 2816K, reserved 1048576K
}
Event: 6.487 GC heap before
{Heap before GC invocations=9 (full 1):
 PSYoungGen      total 105472K, used 97280K [0x00000000e0a00000, 0x00000000ed800000, 0x0000000100000000)
  eden space 97280K, 100% used [0x00000000e0a00000,0x00000000e6900000,0x00000000e6900000)
  from space 8192K, 0% used [0x00000000e6900000,0x00000000e6900000,0x00000000e7100000)
  to   space 8192K, 0% used [0x00000000ed000000,0x00000000ed000000,0x00000000ed800000)
 ParOldGen       total 38912K, used 7996K [0x00000000a1e00000, 0x00000000a4400000, 0x00000000e0a00000)
  object space 38912K, 20% used [0x00000000a1e00000,0x00000000a25cf3a8,0x00000000a4400000)
 Metaspace       used 23134K, capacity 24260K, committed 24576K, reserved 1071104K
  class space    used 2998K, capacity 3256K, committed 3328K, reserved 1048576K
Event: 6.499 GC heap after
Heap after GC invocations=9 (full 1):
 PSYoungGen      total 187392K, used 6040K [0x00000000e0a00000, 0x00000000ed600000, 0x0000000100000000)
  eden space 181248K, 0% used [0x00000000e0a00000,0x00000000e0a00000,0x00000000ebb00000)
  from space 6144K, 98% used [0x00000000ed000000,0x00000000ed5e60f0,0x00000000ed600000)
  to   space 8192K, 0% used [0x00000000ec600000,0x00000000ec600000,0x00000000ece00000)
 ParOldGen       total 38912K, used 8004K [0x00000000a1e00000, 0x00000000a4400000, 0x00000000e0a00000)
  object space 38912K, 20% used [0x00000000a1e00000,0x00000000a25d13a8,0x00000000a4400000)
 Metaspace       used 23134K, capacity 24260K, committed 24576K, reserved 1071104K
  class space    used 2998K, capacity 3256K, committed 3328K, reserved 1048576K
}
Event: 7.990 GC heap before
{Heap before GC invocations=10 (full 1):
 PSYoungGen      total 187392K, used 187288K [0x00000000e0a00000, 0x00000000ed600000, 0x0000000100000000)
  eden space 181248K, 100% used [0x00000000e0a00000,0x00000000ebb00000,0x00000000ebb00000)
  from space 6144K, 98% used [0x00000000ed000000,0x00000000ed5e60f0,0x00000000ed600000)
  to   space 8192K, 0% used [0x00000000ec600000,0x00000000ec600000,0x00000000ece00000)
 ParOldGen       total 38912K, used 8004K [0x00000000a1e00000, 0x00000000a4400000, 0x00000000e0a00000)
  object space 38912K, 20% used [0x00000000a1e00000,0x00000000a25d13a8,0x00000000a4400000)
 Metaspace       used 28102K, capacity 29890K, committed 29952K, reserved 1075200K
  class space    used 3709K, capacity 4049K, committed 4096K, reserved 1048576K
Event: 8.005 GC heap after
Heap after GC invocations=10 (full 1):
 PSYoungGen      total 200704K, used 8174K [0x00000000e0a00000, 0x00000000f2880000, 0x0000000100000000)
  eden space 192512K, 0% used [0x00000000e0a00000,0x00000000e0a00000,0x00000000ec600000)
  from space 8192K, 99% used [0x00000000ec600000,0x00000000ecdfb8b8,0x00000000ece00000)
  to   space 10752K, 0% used [0x00000000f1e00000,0x00000000f1e00000,0x00000000f2880000)
 ParOldGen       total 38912K, used 12478K [0x00000000a1e00000, 0x00000000a4400000, 0x00000000e0a00000)
  object space 38912K, 32% used [0x00000000a1e00000,0x00000000a2a2fba0,0x00000000a4400000)
 Metaspace       used 28102K, capacity 29890K, committed 29952K, reserved 1075200K
  class space    used 3709K, capacity 4049K, committed 4096K, reserved 1048576K
}

